d:\work\system\ehras_v01\ehpacketlib\x64\debug\vc143.pdb
d:\work\system\ehras_v01\ehpacketlib\x64\debug\vc143.idb
d:\work\system\ehras_v01\ehpacketlib\x64\debug\ehpacket.obj
d:\work\system\ehras_v01\x64\debug\ehpacketlib.lib
d:\work\system\ehras_v01\x64\debug\ehpacketlib.exp
d:\work\system\ehras_v01\x64\debug\ehpacketlib.dll
d:\work\system\ehras_v01\ehpacketlib\x64\debug\ehpacketlib.ilk
d:\work\system\ehras_v01\x64\debug\ehpacketlib.pdb
c:\users\bit\desktop\ehras_v01\ehpacketlib\x64\debug\ehpacket.obj
c:\users\bit\desktop\ehras_v01\ehpacketlib\x64\debug\ehpacketlib.ilk
c:\users\bit\desktop\ehras_v01\ehpacketlib\x64\debug\vc143.idb
c:\users\bit\desktop\ehras_v01\ehpacketlib\x64\debug\vc143.pdb
c:\users\bit\desktop\ehras_v01\x64\debug\ehpacketlib.pdb
c:\users\bit\desktop\ehras_v01\x64\debug\ehpacketlib.dll
c:\users\bit\desktop\ehras_v01\ehpacketlib\x64\debug\ehpacketlib.tlog\cl.command.1.tlog
c:\users\bit\desktop\ehras_v01\ehpacketlib\x64\debug\ehpacketlib.tlog\cl.items.tlog
c:\users\bit\desktop\ehras_v01\ehpacketlib\x64\debug\ehpacketlib.tlog\cl.read.1.tlog
c:\users\bit\desktop\ehras_v01\ehpacketlib\x64\debug\ehpacketlib.tlog\cl.write.1.tlog
c:\users\bit\desktop\ehras_v01\ehpacketlib\x64\debug\ehpacketlib.tlog\link.command.1.tlog
c:\users\bit\desktop\ehras_v01\ehpacketlib\x64\debug\ehpacketlib.tlog\link.read.1.tlog
c:\users\bit\desktop\ehras_v01\ehpacketlib\x64\debug\ehpacketlib.tlog\link.write.1.tlog
c:\users\bit\desktop\ehras_v01\ehpacketlib\x64\debug\ehpacketlib.tlog\link.write.2u.tlog
