c:\users\bit\desktop\ehras_v01\reglib\x64\debug\vc143.pdb
c:\users\bit\desktop\ehras_v01\reglib\x64\debug\vc143.idb
c:\users\bit\desktop\ehras_v01\reglib\x64\debug\unregreq.obj
c:\users\bit\desktop\ehras_v01\reglib\x64\debug\regres.obj
c:\users\bit\desktop\ehras_v01\reglib\x64\debug\regreq.obj
d:\work\system\ehras_v01\x64\debug\reglib.lib
d:\work\system\ehras_v01\x64\debug\reglib.exp
c:\users\bit\desktop\ehras_v01\x64\debug\reglib.dll
c:\users\bit\desktop\ehras_v01\reglib\x64\debug\reglib.ilk
c:\users\bit\desktop\ehras_v01\x64\debug\reglib.pdb
c:\users\bit\desktop\ehras_v01\x64\debug\reglib.lib
c:\users\bit\desktop\ehras_v01\x64\debug\reglib.exp
c:\users\bit\desktop\ehras_v01\reglib\x64\debug\reglib.tlog\cl.command.1.tlog
c:\users\bit\desktop\ehras_v01\reglib\x64\debug\reglib.tlog\cl.items.tlog
c:\users\bit\desktop\ehras_v01\reglib\x64\debug\reglib.tlog\cl.read.1.tlog
c:\users\bit\desktop\ehras_v01\reglib\x64\debug\reglib.tlog\cl.write.1.tlog
c:\users\bit\desktop\ehras_v01\reglib\x64\debug\reglib.tlog\link.command.1.tlog
c:\users\bit\desktop\ehras_v01\reglib\x64\debug\reglib.tlog\link.read.1.tlog
c:\users\bit\desktop\ehras_v01\reglib\x64\debug\reglib.tlog\link.write.1.tlog
c:\users\bit\desktop\ehras_v01\reglib\x64\debug\reglib.tlog\link.write.2u.tlog
