d:\work\system\ehras_v01\userdatalib\x64\debug\vc143.pdb
d:\work\system\ehras_v01\userdatalib\x64\debug\vc143.idb
d:\work\system\ehras_v01\userdatalib\x64\debug\userdata.obj
d:\work\system\ehras_v01\x64\debug\userdatalib.lib
d:\work\system\ehras_v01\x64\debug\userdatalib.exp
d:\work\system\ehras_v01\x64\debug\userdatalib.dll
d:\work\system\ehras_v01\userdatalib\x64\debug\userdatalib.ilk
d:\work\system\ehras_v01\x64\debug\userdatalib.pdb
c:\users\bit\desktop\ehras_v01\userdatalib\x64\debug\userdata.obj
c:\users\bit\desktop\ehras_v01\userdatalib\x64\debug\userdatalib.ilk
c:\users\bit\desktop\ehras_v01\userdatalib\x64\debug\vc143.idb
c:\users\bit\desktop\ehras_v01\userdatalib\x64\debug\vc143.pdb
c:\users\bit\desktop\ehras_v01\x64\debug\userdatalib.pdb
c:\users\bit\desktop\ehras_v01\x64\debug\userdatalib.dll
c:\users\bit\desktop\ehras_v01\userdatalib\x64\debug\userdatalib.tlog\cl.command.1.tlog
c:\users\bit\desktop\ehras_v01\userdatalib\x64\debug\userdatalib.tlog\cl.items.tlog
c:\users\bit\desktop\ehras_v01\userdatalib\x64\debug\userdatalib.tlog\cl.read.1.tlog
c:\users\bit\desktop\ehras_v01\userdatalib\x64\debug\userdatalib.tlog\cl.write.1.tlog
c:\users\bit\desktop\ehras_v01\userdatalib\x64\debug\userdatalib.tlog\link.command.1.tlog
c:\users\bit\desktop\ehras_v01\userdatalib\x64\debug\userdatalib.tlog\link.read.1.tlog
c:\users\bit\desktop\ehras_v01\userdatalib\x64\debug\userdatalib.tlog\link.write.1.tlog
c:\users\bit\desktop\ehras_v01\userdatalib\x64\debug\userdatalib.tlog\link.write.2u.tlog
